<?xml version="1.0" encoding="utf-8"?><testsuites name="pytest tests"><testsuite name="pytest" errors="0" failures="0" skipped="0" tests="3" time="1.083" timestamp="2026-05-19T15:09:32.003820+00:00" hostname="agent-env-206e378d-016b-4eb9-9a84-c399e996a3e1"><testcase classname="backend.tests.test_iter12_fixes" name="test_flow4_create_invite_valid_email" time="0.382" /><testcase classname="backend.tests.test_iter12_fixes" name="test_flow5_accept_invite_as_B_persistence" time="0.377" /><testcase classname="backend.tests.test_iter12_fixes" name="test_invite_invalid_email_returns_422" time="0.178" /></testsuite></testsuites>