<?xml version="1.0" encoding="utf-8"?><testsuites name="pytest tests"><testsuite name="pytest" errors="0" failures="0" skipped="0" tests="19" time="4.957" timestamp="2026-05-19T14:49:29.364630+00:00" hostname="agent-env-206e378d-016b-4eb9-9a84-c399e996a3e1"><testcase classname="backend.tests.test_workspaces_security" name="test_health" time="0.179" /><testcase classname="backend.tests.test_workspaces_security" name="test_validate_without_cookie_returns_401" time="0.231" /><testcase classname="backend.tests.test_workspaces_security" name="test_validate_with_cookie_returns_200" time="0.126" /><testcase classname="backend.tests.test_workspaces_security" name="test_session_alias_works" time="0.129" /><testcase classname="backend.tests.test_workspaces_security" name="test_workspaces_me_autocreates_personal" time="0.130" /><testcase classname="backend.tests.test_workspaces_security" name="test_feature_flags" time="0.149" /><testcase classname="backend.tests.test_workspaces_security" name="test_create_invite_free_plan_blocked" time="0.315" /><testcase classname="backend.tests.test_workspaces_security" name="test_create_invite_premium" time="0.403" /><testcase classname="backend.tests.test_workspaces_security" name="test_invite_lookup_invalid_token" time="0.113" /><testcase classname="backend.tests.test_workspaces_security" name="test_invite_lookup_valid" time="0.256" /><testcase classname="backend.tests.test_workspaces_security" name="test_accept_invite_as_second_user" time="0.325" /><testcase classname="backend.tests.test_workspaces_security" name="test_invite_lookup_expired_returns_410" time="0.238" /><testcase classname="backend.tests.test_workspaces_security" name="test_update_member_role_to_editor" time="0.362" /><testcase classname="backend.tests.test_workspaces_security" name="test_owner_cannot_be_updated" time="0.239" /><testcase classname="backend.tests.test_workspaces_security" name="test_revoke_invite" time="0.379" /><testcase classname="backend.tests.test_workspaces_security" name="test_remove_member" time="0.293" /><testcase classname="backend.tests.test_workspaces_security" name="test_owner_cannot_be_removed" time="0.268" /><testcase classname="backend.tests.test_workspaces_security" name="test_x_workspace_id_from_other_user_blocked_on_transactions" time="0.238" /><testcase classname="backend.tests.test_workspaces_security" name="test_revoke_all_sessions_invalidates_current" time="0.396" /></testsuite></testsuites>