<?xml version="1.0" encoding="utf-8"?><testsuites name="pytest tests"><testsuite name="pytest" errors="0" failures="3" skipped="0" tests="19" time="13.177" timestamp="2026-05-19T14:28:11.102505+00:00" hostname="agent-env-206e378d-016b-4eb9-9a84-c399e996a3e1"><testcase classname="backend.tests.test_workspaces_security" name="test_health" time="0.214" /><testcase classname="backend.tests.test_workspaces_security" name="test_validate_without_cookie_returns_401" time="0.114" /><testcase classname="backend.tests.test_workspaces_security" name="test_validate_with_cookie_returns_200" time="0.135" /><testcase classname="backend.tests.test_workspaces_security" name="test_session_alias_works" time="0.107"><failure message="AssertionError: {&quot;detail&quot;:&quot;Method Not Allowed&quot;}&#10;assert 405 == 200&#10; +  where 405 = &lt;Response [405]&gt;.status_code">backend/tests/test_workspaces_security.py:109: in test_session_alias_works
    assert r.status_code == 200, r.text
E   AssertionError: {"detail":"Method Not Allowed"}
E   assert 405 == 200
E    +  where 405 = &lt;Response [405]&gt;.status_code</failure></testcase><testcase classname="backend.tests.test_workspaces_security" name="test_workspaces_me_autocreates_personal" time="0.119" /><testcase classname="backend.tests.test_workspaces_security" name="test_feature_flags" time="0.114" /><testcase classname="backend.tests.test_workspaces_security" name="test_create_invite_free_plan_blocked" time="0.299" /><testcase classname="backend.tests.test_workspaces_security" name="test_create_invite_premium" time="0.353" /><testcase classname="backend.tests.test_workspaces_security" name="test_invite_lookup_invalid_token" time="0.213" /><testcase classname="backend.tests.test_workspaces_security" name="test_invite_lookup_valid" time="0.229" /><testcase classname="backend.tests.test_workspaces_security" name="test_accept_invite_as_second_user" time="0.235" /><testcase classname="backend.tests.test_workspaces_security" name="test_invite_lookup_expired_returns_410" time="0.426" /><testcase classname="backend.tests.test_workspaces_security" name="test_update_member_role_to_editor" time="0.235" /><testcase classname="backend.tests.test_workspaces_security" name="test_owner_cannot_be_updated" time="0.233" /><testcase classname="backend.tests.test_workspaces_security" name="test_revoke_invite" time="0.416" /><testcase classname="backend.tests.test_workspaces_security" name="test_remove_member" time="0.332" /><testcase classname="backend.tests.test_workspaces_security" name="test_owner_cannot_be_removed" time="0.251" /><testcase classname="backend.tests.test_workspaces_security" name="test_x_workspace_id_from_other_user_blocked_on_transactions" time="8.548"><failure message="AssertionError: Expected 403 for cross-user workspace, got 200: []&#10;assert 200 == 403&#10; +  where 200 = &lt;Response [200]&gt;.status_code">backend/tests/test_workspaces_security.py:368: in test_x_workspace_id_from_other_user_blocked_on_transactions
    assert r.status_code == 403, (
E   AssertionError: Expected 403 for cross-user workspace, got 200: []
E   assert 200 == 403
E    +  where 200 = &lt;Response [200]&gt;.status_code</failure></testcase><testcase classname="backend.tests.test_workspaces_security" name="test_revoke_all_sessions_invalidates_current" time="0.350"><failure message="AssertionError: Expected 401 after revoke-all-sessions, got 200: {&quot;user_id&quot;:&quot;u_TEST_WS_SEC_d466a0_REV_3cdaee22&quot;,&quot;email&quot;:&quot;test_test_ws_sec_d466a0_rev@example.com&quot;,&quot;name&quot;:&quot;Test REV&quot;,&quot;picture&quot;:&quot;&quot;,&quot;session_version&quot;:1,&quot;created_at&quot;:&quot;2026-05-19T14:28:23.923000&quot;}&#10;assert 200 == 401&#10; +  where 200 = &lt;Response [200]&gt;.status_code">backend/tests/test_workspaces_security.py:394: in test_revoke_all_sessions_invalidates_current
    assert post.status_code == 401, (
E   AssertionError: Expected 401 after revoke-all-sessions, got 200: {"user_id":"u_TEST_WS_SEC_d466a0_REV_3cdaee22","email":"test_test_ws_sec_d466a0_rev@example.com","name":"Test REV","picture":"","session_version":1,"created_at":"2026-05-19T14:28:23.923000"}
E   assert 200 == 401
E    +  where 200 = &lt;Response [200]&gt;.status_code</failure></testcase></testsuite></testsuites>