<?xml version="1.0" encoding="utf-8"?><testsuites name="pytest tests"><testsuite name="pytest" errors="0" failures="0" skipped="2" tests="37" time="33.420" timestamp="2026-04-13T15:36:50.615758+00:00" hostname="agent-env-206e378d-016b-4eb9-9a84-c399e996a3e1"><testcase classname="backend.tests.test_findash_api.TestHealthAndAuth" name="test_api_health" time="0.141" /><testcase classname="backend.tests.test_findash_api.TestHealthAndAuth" name="test_api_root" time="0.249" /><testcase classname="backend.tests.test_findash_api.TestHealthAndAuth" name="test_auth_me_with_valid_token" time="0.111" /><testcase classname="backend.tests.test_findash_api.TestHealthAndAuth" name="test_auth_me_without_token" time="0.170" /><testcase classname="backend.tests.test_findash_api.TestHealthAndAuth" name="test_auth_me_with_invalid_token" time="0.119" /><testcase classname="backend.tests.test_findash_api.TestCategories" name="test_get_categories" time="0.129" /><testcase classname="backend.tests.test_findash_api.TestCategories" name="test_create_update_delete_category" time="0.379" /><testcase classname="backend.tests.test_findash_api.TestTransactions" name="test_get_transactions" time="0.171" /><testcase classname="backend.tests.test_findash_api.TestTransactions" name="test_get_transactions_filtered_by_tipo" time="0.232" /><testcase classname="backend.tests.test_findash_api.TestTransactions" name="test_transaction_summary" time="0.117" /><testcase classname="backend.tests.test_findash_api.TestTransactions" name="test_create_transaction_and_verify_budget_update" time="0.562" /><testcase classname="backend.tests.test_findash_api.TestCards" name="test_get_cards" time="0.102" /><testcase classname="backend.tests.test_findash_api.TestCards" name="test_card_fatura_equals_sum_of_unpaid_installments" time="0.231" /><testcase classname="backend.tests.test_findash_api.TestCards" name="test_get_card_installments" time="0.230" /><testcase classname="backend.tests.test_findash_api.TestCards" name="test_pay_installment_recalculates_fatura" time="0.122"><skipped type="pytest.skip" message="No unpaid installments to test">/app/backend/tests/test_findash_api.py:285: No unpaid installments to test</skipped></testcase><testcase classname="backend.tests.test_findash_api.TestBudgets" name="test_get_budgets" time="0.108" /><testcase classname="backend.tests.test_findash_api.TestBudgets" name="test_budget_gasto_matches_category_expenses" time="0.212" /><testcase classname="backend.tests.test_findash_api.TestBudgets" name="test_budget_summary" time="0.129" /><testcase classname="backend.tests.test_findash_api.TestInvestments" name="test_get_investments" time="0.106" /><testcase classname="backend.tests.test_findash_api.TestInvestments" name="test_get_investments_total" time="0.215" /><testcase classname="backend.tests.test_findash_api.TestGoals" name="test_get_goals" time="0.105" /><testcase classname="backend.tests.test_findash_api.TestGoals" name="test_contribute_to_goal_increments_valor_atual" time="0.103"><skipped type="pytest.skip" message="No goals to test">/app/backend/tests/test_findash_api.py:440: No goals to test</skipped></testcase><testcase classname="backend.tests.test_findash_api.TestAccounts" name="test_get_accounts" time="0.122" /><testcase classname="backend.tests.test_findash_api.TestInstallmentBatch" name="test_create_installment_batch_creates_n_installments" time="0.704" /><testcase classname="backend.tests.test_findash_api.TestInstallmentBatch" name="test_create_installment_batch_updates_card_fatura_and_usado" time="4.908" /><testcase classname="backend.tests.test_findash_api.TestInstallmentBatch" name="test_create_installment_batch_invalid_card_returns_400" time="0.112" /><testcase classname="backend.tests.test_findash_api.TestLogout" name="test_z_logout_returns_success" time="0.507" /><testcase classname="backend.tests.test_findash_api.TestInvestmentsCRUD" name="test_get_investments" time="0.108" /><testcase classname="backend.tests.test_findash_api.TestInvestmentsCRUD" name="test_create_investment" time="0.279" /><testcase classname="backend.tests.test_findash_api.TestInvestmentsCRUD" name="test_update_investment" time="0.329" /><testcase classname="backend.tests.test_findash_api.TestInvestmentsCRUD" name="test_delete_investment" time="20.067" /><testcase classname="backend.tests.test_findash_api.TestContributions" name="test_get_all_contributions" time="0.113" /><testcase classname="backend.tests.test_findash_api.TestContributions" name="test_create_contribution_updates_investment_valor" time="0.356" /><testcase classname="backend.tests.test_findash_api.TestFinancingsCRUD" name="test_get_financings" time="0.110" /><testcase classname="backend.tests.test_findash_api.TestFinancingsCRUD" name="test_create_financing" time="0.223" /><testcase classname="backend.tests.test_findash_api.TestFinancingsCRUD" name="test_pay_financing_installment" time="0.467" /><testcase classname="backend.tests.test_findash_api.TestFinancingsCRUD" name="test_financing_status_changes_to_quitado" time="0.906" /></testsuite></testsuites>