<?xml version="1.0" encoding="utf-8"?><testsuites name="pytest tests"><testsuite name="pytest" errors="0" failures="0" skipped="0" tests="23" time="8.136" timestamp="2026-02-15T01:15:18.477193+00:00" hostname="agent-env-0a08b531-53a3-4e2a-ae6b-d8c43c786874"><testcase classname="tests.test_findash_api.TestHealthAndAuth" name="test_api_health" time="0.244" /><testcase classname="tests.test_findash_api.TestHealthAndAuth" name="test_api_root" time="0.133" /><testcase classname="tests.test_findash_api.TestHealthAndAuth" name="test_auth_me_with_valid_token" time="0.121" /><testcase classname="tests.test_findash_api.TestHealthAndAuth" name="test_auth_me_without_token" time="0.256" /><testcase classname="tests.test_findash_api.TestHealthAndAuth" name="test_auth_me_with_invalid_token" time="0.137" /><testcase classname="tests.test_findash_api.TestCategories" name="test_get_categories" time="0.113" /><testcase classname="tests.test_findash_api.TestCategories" name="test_create_update_delete_category" time="0.500" /><testcase classname="tests.test_findash_api.TestTransactions" name="test_get_transactions" time="1.008" /><testcase classname="tests.test_findash_api.TestTransactions" name="test_get_transactions_filtered_by_tipo" time="0.563" /><testcase classname="tests.test_findash_api.TestTransactions" name="test_transaction_summary" time="0.143" /><testcase classname="tests.test_findash_api.TestTransactions" name="test_create_transaction_and_verify_budget_update" time="0.738" /><testcase classname="tests.test_findash_api.TestCards" name="test_get_cards" time="0.113" /><testcase classname="tests.test_findash_api.TestCards" name="test_card_fatura_equals_sum_of_unpaid_installments" time="0.304" /><testcase classname="tests.test_findash_api.TestCards" name="test_get_card_installments" time="0.276" /><testcase classname="tests.test_findash_api.TestCards" name="test_pay_installment_recalculates_fatura" time="0.777" /><testcase classname="tests.test_findash_api.TestBudgets" name="test_get_budgets" time="0.154" /><testcase classname="tests.test_findash_api.TestBudgets" name="test_budget_gasto_matches_category_expenses" time="0.282" /><testcase classname="tests.test_findash_api.TestBudgets" name="test_budget_summary" time="0.137" /><testcase classname="tests.test_findash_api.TestInvestments" name="test_get_investments" time="0.122" /><testcase classname="tests.test_findash_api.TestInvestments" name="test_get_investments_total" time="0.548" /><testcase classname="tests.test_findash_api.TestGoals" name="test_get_goals" time="0.156" /><testcase classname="tests.test_findash_api.TestGoals" name="test_contribute_to_goal_increments_valor_atual" time="0.535" /><testcase classname="tests.test_findash_api.TestAccounts" name="test_get_accounts" time="0.633" /></testsuite></testsuites>