<?xml version="1.0" encoding="utf-8"?><testsuites name="pytest tests"><testsuite name="pytest" errors="0" failures="0" skipped="2" tests="26" time="5.974" timestamp="2026-04-13T15:27:43.457968+00:00" hostname="agent-env-206e378d-016b-4eb9-9a84-c399e996a3e1"><testcase classname="backend.tests.test_findash_api.TestHealthAndAuth" name="test_api_health" time="0.125" /><testcase classname="backend.tests.test_findash_api.TestHealthAndAuth" name="test_api_root" time="0.125" /><testcase classname="backend.tests.test_findash_api.TestHealthAndAuth" name="test_auth_me_with_valid_token" time="0.127" /><testcase classname="backend.tests.test_findash_api.TestHealthAndAuth" name="test_auth_me_without_token" time="0.108" /><testcase classname="backend.tests.test_findash_api.TestHealthAndAuth" name="test_auth_me_with_invalid_token" time="0.109" /><testcase classname="backend.tests.test_findash_api.TestCategories" name="test_get_categories" time="0.128" /><testcase classname="backend.tests.test_findash_api.TestCategories" name="test_create_update_delete_category" time="0.344" /><testcase classname="backend.tests.test_findash_api.TestTransactions" name="test_get_transactions" time="0.115" /><testcase classname="backend.tests.test_findash_api.TestTransactions" name="test_get_transactions_filtered_by_tipo" time="0.209" /><testcase classname="backend.tests.test_findash_api.TestTransactions" name="test_transaction_summary" time="0.147" /><testcase classname="backend.tests.test_findash_api.TestTransactions" name="test_create_transaction_and_verify_budget_update" time="0.572" /><testcase classname="backend.tests.test_findash_api.TestCards" name="test_get_cards" time="0.137" /><testcase classname="backend.tests.test_findash_api.TestCards" name="test_card_fatura_equals_sum_of_unpaid_installments" time="0.242" /><testcase classname="backend.tests.test_findash_api.TestCards" name="test_get_card_installments" time="0.234" /><testcase classname="backend.tests.test_findash_api.TestCards" name="test_pay_installment_recalculates_fatura" time="0.101"><skipped type="pytest.skip" message="No unpaid installments to test">/app/backend/tests/test_findash_api.py:285: No unpaid installments to test</skipped></testcase><testcase classname="backend.tests.test_findash_api.TestBudgets" name="test_get_budgets" time="0.104" /><testcase classname="backend.tests.test_findash_api.TestBudgets" name="test_budget_gasto_matches_category_expenses" time="0.229" /><testcase classname="backend.tests.test_findash_api.TestBudgets" name="test_budget_summary" time="0.099" /><testcase classname="backend.tests.test_findash_api.TestInvestments" name="test_get_investments" time="0.115" /><testcase classname="backend.tests.test_findash_api.TestInvestments" name="test_get_investments_total" time="0.249" /><testcase classname="backend.tests.test_findash_api.TestGoals" name="test_get_goals" time="0.121" /><testcase classname="backend.tests.test_findash_api.TestGoals" name="test_contribute_to_goal_increments_valor_atual" time="0.106"><skipped type="pytest.skip" message="No goals to test">/app/backend/tests/test_findash_api.py:440: No goals to test</skipped></testcase><testcase classname="backend.tests.test_findash_api.TestAccounts" name="test_get_accounts" time="0.116" /><testcase classname="backend.tests.test_findash_api.TestInstallmentBatch" name="test_create_installment_batch_creates_n_installments" time="0.855" /><testcase classname="backend.tests.test_findash_api.TestInstallmentBatch" name="test_create_installment_batch_updates_card_fatura_and_usado" time="0.713" /><testcase classname="backend.tests.test_findash_api.TestInstallmentBatch" name="test_create_installment_batch_invalid_card_returns_400" time="0.336" /></testsuite></testsuites>